<?xml version="1.0" encoding="UTF-8"?>
<!-- Generated by org.testng.reporters.JUnitReportReporter -->
<testsuite hostname="DESKTOP-40DII0G" failures="0" tests="2" name="com.Facebook.B" time="7.863" errors="0" timestamp="2024-02-29T18:37:34 IST" skipped="0">
  <testcase classname="com.Facebook.B" name="setUp" time="7.360"/>
  <system-out/>
  <testcase classname="com.Facebook.B" name="loginn" time="0.503"/>
  <system-out/>
</testsuite> <!-- com.Facebook.B -->
